2021-12-06 14:08:43.200  INFO 13328 --- [main] lavalink.server.Launcher                 : 

[32m       .  [31m _                  _ _       _    [32m__ _ _
[32m      /\\ [31m| | __ ___   ____ _| (_)_ __ | | __[32m\ \ \ \
[32m     ( ( )[31m| |/ _` \ \ / / _` | | | '_ \| |/ /[32m \ \ \ \
[32m      \\/ [31m| | (_| |\ V / (_| | | | | | |   < [32m  ) ) ) )
[32m       '  [31m|_|\__,_| \_/ \__,_|_|_|_| |_|_|\_\[32m / / / /
[0m    =========================================[32m/_/_/_/[0m

	Version:        3.3.2.3
	Build:          1239
	Build time:     31.08.2021 17:26:20 UTC
	Branch          main
	Commit:         2ad6b46
	Commit time:    31.08.2021 17:17:13 UTC
	JVM:            11.0.13
	Lavaplayer      1.3.93-original

2021-12-06 14:08:44.012  INFO 13328 --- [main] lavalink.server.Launcher                 : Starting Launcher on Hridaan with PID 13328 (C:\Users\HRIDAAN\AppData\Roaming\ducky\cogs\Audio\Lavalink.jar started by HRIDAAN in C:\Users\HRIDAAN\AppData\Roaming\ducky\cogs\Audio)
2021-12-06 14:08:44.012  INFO 13328 --- [main] lavalink.server.Launcher                 : No active profile set, falling back to default profiles: default
2021-12-06 14:08:44.043  WARN 13328 --- [background-preinit] o.s.h.c.j.Jackson2ObjectMapperBuilder    : For Jackson Kotlin classes support please add "com.fasterxml.jackson.module:jackson-module-kotlin" to the classpath
2021-12-06 14:08:50.482  WARN 13328 --- [main] io.undertow.websockets.jsr               : UT026010: Buffer pool was not set on WebSocketDeploymentInfo, the default pool will be used
2021-12-06 14:08:50.565  INFO 13328 --- [main] io.undertow.servlet                      : Initializing Spring embedded WebApplicationContext
2021-12-06 14:08:50.565  INFO 13328 --- [main] o.s.web.context.ContextLoader            : Root WebApplicationContext: initialization completed in 6365 ms
2021-12-06 14:08:51.709  WARN 13328 --- [main] l.server.config.SentryConfiguration      : Turning off sentry
2021-12-06 14:08:55.209  INFO 13328 --- [main] c.s.d.l.tools.GarbageCollectionMonitor   : GC monitoring enabled, reporting results every 2 minutes.
2021-12-06 14:08:56.162  INFO 13328 --- [main] lavalink.server.config.KoeConfiguration  : OS: Windows 10, Arch: amd64
2021-12-06 14:08:56.162  WARN 13328 --- [main] lavalink.server.config.KoeConfiguration  : This system and architecture appears to not support native audio sending! GC pauses may cause your bot to stutter during playback.
2021-12-06 14:08:56.693  INFO 13328 --- [main] o.s.s.concurrent.ThreadPoolTaskExecutor  : Initializing ExecutorService 'applicationTaskExecutor'
2021-12-06 14:08:57.428  INFO 13328 --- [main] org.xnio                                 : XNIO version 3.3.8.Final
2021-12-06 14:08:57.522  INFO 13328 --- [main] org.xnio.nio                             : XNIO NIO Implementation Version 3.3.8.Final
2021-12-06 14:08:57.667  INFO 13328 --- [main] o.s.b.w.e.u.UndertowServletWebServer     : Undertow started on port(s) 2333 (http) with context path ''
2021-12-06 14:08:57.698  INFO 13328 --- [main] lavalink.server.Launcher                 : Started Launcher in 18.718 seconds (JVM running for 19.699)
2021-12-06 14:08:57.698  INFO 13328 --- [main] lavalink.server.Launcher                 : You can safely ignore the big red warning about illegal reflection. See https://github.com/freyacodes/Lavalink/issues/295
2021-12-06 14:09:03.512  INFO 13328 --- [XNIO-1 task-1] io.undertow.servlet                      : Initializing Spring DispatcherServlet 'dispatcherServlet'
2021-12-06 14:09:03.512  INFO 13328 --- [XNIO-1 task-1] o.s.web.servlet.DispatcherServlet        : Initializing Servlet 'dispatcherServlet'
2021-12-06 14:09:03.512  INFO 13328 --- [XNIO-1 task-1] o.s.web.servlet.DispatcherServlet        : Completed initialization in 0 ms
2021-12-06 14:09:03.606  INFO 13328 --- [XNIO-1 task-1] l.server.io.HandshakeInterceptorImpl     : Incoming connection from /127.0.0.1:63591
2021-12-06 14:09:03.934  INFO 13328 --- [XNIO-1 task-1] lavalink.server.io.SocketServer          : Connection successfully established from /127.0.0.1:63591
2021-12-06 14:09:03.997  INFO 13328 --- [XNIO-1 I/O-1] lavalink.server.io.SocketServer          : {"op": "configureResuming", "key": "Red-Core-Audio-862626764886900746-ducky", "timeout": 60}
2021-12-06 15:30:55.361  WARN 13328 --- [lava-daemon-pool-manager-3-thread-1] c.s.d.l.tools.GarbageCollectionMonitor   : Suspicious GC results for the last 2 minutes: [Bucket 0 = 0] [Bucket 20 = 0] [Bucket 50 = 0] [Bucket 200 = 0] [Bucket 500 = 1] [Bucket 2000 = 0] 
2021-12-06 17:38:55.947  WARN 13328 --- [lava-daemon-pool-manager-3-thread-1] c.s.d.l.tools.GarbageCollectionMonitor   : Suspicious GC results for the last 2 minutes: [Bucket 0 = 2] [Bucket 20 = 2] [Bucket 50 = 1] [Bucket 200 = 0] [Bucket 500 = 1] [Bucket 2000 = 1] 
2021-12-06 17:40:55.232  WARN 13328 --- [lava-daemon-pool-manager-3-thread-1] c.s.d.l.tools.GarbageCollectionMonitor   : Suspicious GC results for the last 2 minutes: [Bucket 0 = 0] [Bucket 20 = 0] [Bucket 50 = 1] [Bucket 200 = 2] [Bucket 500 = 0] [Bucket 2000 = 0] 
2021-12-06 17:50:55.239  WARN 13328 --- [lava-daemon-pool-manager-3-thread-1] c.s.d.l.tools.GarbageCollectionMonitor   : Suspicious GC results for the last 2 minutes: [Bucket 0 = 0] [Bucket 20 = 0] [Bucket 50 = 0] [Bucket 200 = 1] [Bucket 500 = 0] [Bucket 2000 = 0] 
2021-12-06 17:52:55.231  WARN 13328 --- [lava-daemon-pool-manager-3-thread-1] c.s.d.l.tools.GarbageCollectionMonitor   : Suspicious GC results for the last 2 minutes: [Bucket 0 = 0] [Bucket 20 = 0] [Bucket 50 = 0] [Bucket 200 = 1] [Bucket 500 = 0] [Bucket 2000 = 0] 
2021-12-06 17:58:55.292  WARN 13328 --- [lava-daemon-pool-manager-3-thread-1] c.s.d.l.tools.GarbageCollectionMonitor   : Suspicious GC results for the last 2 minutes: [Bucket 0 = 0] [Bucket 20 = 0] [Bucket 50 = 0] [Bucket 200 = 1] [Bucket 500 = 0] [Bucket 2000 = 0] 
2021-12-06 18:06:55.235  WARN 13328 --- [lava-daemon-pool-manager-3-thread-1] c.s.d.l.tools.GarbageCollectionMonitor   : Suspicious GC results for the last 2 minutes: [Bucket 0 = 0] [Bucket 20 = 0] [Bucket 50 = 0] [Bucket 200 = 1] [Bucket 500 = 0] [Bucket 2000 = 0] 
2021-12-06 18:30:21.060  INFO 12200 --- [main] lavalink.server.Launcher                 : 

[32m       .  [31m _                  _ _       _    [32m__ _ _
[32m      /\\ [31m| | __ ___   ____ _| (_)_ __ | | __[32m\ \ \ \
[32m     ( ( )[31m| |/ _` \ \ / / _` | | | '_ \| |/ /[32m \ \ \ \
[32m      \\/ [31m| | (_| |\ V / (_| | | | | | |   < [32m  ) ) ) )
[32m       '  [31m|_|\__,_| \_/ \__,_|_|_|_| |_|_|\_\[32m / / / /
[0m    =========================================[32m/_/_/_/[0m

	Version:        3.3.2.3
	Build:          1239
	Build time:     31.08.2021 17:26:20 UTC
	Branch          main
	Commit:         2ad6b46
	Commit time:    31.08.2021 17:17:13 UTC
	JVM:            11.0.13
	Lavaplayer      1.3.93-original

2021-12-06 18:30:21.102  WARN 12200 --- [background-preinit] o.s.h.c.j.Jackson2ObjectMapperBuilder    : For Jackson Kotlin classes support please add "com.fasterxml.jackson.module:jackson-module-kotlin" to the classpath
2021-12-06 18:30:22.445  INFO 12200 --- [main] lavalink.server.Launcher                 : Starting Launcher on Hridaan with PID 12200 (C:\Users\HRIDAAN\AppData\Roaming\ducky\cogs\Audio\Lavalink.jar started by HRIDAAN in C:\Users\HRIDAAN\AppData\Roaming\ducky\cogs\Audio)
2021-12-06 18:30:22.446  INFO 12200 --- [main] lavalink.server.Launcher                 : No active profile set, falling back to default profiles: default
2021-12-06 18:30:44.029  WARN 12200 --- [main] io.undertow.websockets.jsr               : UT026010: Buffer pool was not set on WebSocketDeploymentInfo, the default pool will be used
2021-12-06 18:30:44.091  INFO 12200 --- [main] io.undertow.servlet                      : Initializing Spring embedded WebApplicationContext
2021-12-06 18:30:44.091  INFO 12200 --- [main] o.s.web.context.ContextLoader            : Root WebApplicationContext: initialization completed in 20703 ms
2021-12-06 18:30:46.075  WARN 12200 --- [main] l.server.config.SentryConfiguration      : Turning off sentry
2021-12-06 18:30:49.183  INFO 12200 --- [main] c.s.d.l.tools.GarbageCollectionMonitor   : GC monitoring enabled, reporting results every 2 minutes.
2021-12-06 18:30:50.433  INFO 12200 --- [main] lavalink.server.config.KoeConfiguration  : OS: Windows 10, Arch: amd64
2021-12-06 18:30:50.449  WARN 12200 --- [main] lavalink.server.config.KoeConfiguration  : This system and architecture appears to not support native audio sending! GC pauses may cause your bot to stutter during playback.
2021-12-06 18:30:51.687  INFO 12200 --- [main] o.s.s.concurrent.ThreadPoolTaskExecutor  : Initializing ExecutorService 'applicationTaskExecutor'
2021-12-06 18:30:53.031  INFO 12200 --- [main] org.xnio                                 : XNIO version 3.3.8.Final
2021-12-06 18:30:53.203  INFO 12200 --- [main] org.xnio.nio                             : XNIO NIO Implementation Version 3.3.8.Final
2021-12-06 18:30:53.313  INFO 12200 --- [main] o.s.b.w.e.u.UndertowServletWebServer     : Undertow started on port(s) 2333 (http) with context path ''
2021-12-06 18:30:53.328  INFO 12200 --- [main] lavalink.server.Launcher                 : Started Launcher in 45.317 seconds (JVM running for 50.805)
2021-12-06 18:30:53.344  INFO 12200 --- [main] lavalink.server.Launcher                 : You can safely ignore the big red warning about illegal reflection. See https://github.com/freyacodes/Lavalink/issues/295
2021-12-06 18:30:56.015  INFO 12200 --- [XNIO-1 task-1] io.undertow.servlet                      : Initializing Spring DispatcherServlet 'dispatcherServlet'
2021-12-06 18:30:56.015  INFO 12200 --- [XNIO-1 task-1] o.s.web.servlet.DispatcherServlet        : Initializing Servlet 'dispatcherServlet'
2021-12-06 18:30:56.031  INFO 12200 --- [XNIO-1 task-1] o.s.web.servlet.DispatcherServlet        : Completed initialization in 16 ms
2021-12-06 18:30:56.187  INFO 12200 --- [XNIO-1 task-1] l.server.io.HandshakeInterceptorImpl     : Incoming connection from /127.0.0.1:50066
2021-12-06 18:30:57.361  INFO 12200 --- [XNIO-1 task-1] lavalink.server.io.SocketServer          : Connection successfully established from /127.0.0.1:50066
2021-12-06 18:30:57.579  INFO 12200 --- [XNIO-1 I/O-2] lavalink.server.io.SocketServer          : {"op": "configureResuming", "key": "Red-Core-Audio-862626764886900746-ducky", "timeout": 60}
2021-12-06 18:41:59.556  INFO 12200 --- [XNIO-1 I/O-2] lavalink.server.io.SocketServer          : {"op": "voiceUpdate", "guildId": "890871960618287154", "sessionId": "47a93396d2e56712e0bbf8e0186859f1", "event": {"token": "c51acc4f8121e8e7", "guild_id": "890871960618287154", "endpoint": "rotterdam9522.discord.media:443"}}
2021-12-06 18:42:27.270  INFO 12200 --- [XNIO-1 I/O-2] lavalink.server.io.SocketServer          : {"op": "play", "guildId": "890871960618287154", "track": "QAAAcAIAEVN3ZWV0ZXN0IERldm90aW9uAAVBZGVsZQAAAAAAA9hgAAsxa1pzYVJrVkVVWQABACtodHRwczovL3d3dy55b3V0dWJlLmNvbS93YXRjaD92PTFrWnNhUmtWRVVZAAd5b3V0dWJlAAAAAAAAAAA=", "noReplace": false, "startTime": "0", "pause": false}
2021-12-06 18:42:53.419  INFO 12200 --- [XNIO-1 I/O-2] lavalink.server.io.SocketServer          : {"op": "volume", "guildId": "890871960618287154", "volume": 100}
2021-12-06 18:46:49.284  INFO 12200 --- [XNIO-1 I/O-2] lavalink.server.io.SocketServer          : {"op": "play", "guildId": "890871960618287154", "track": "QAAAkAIAJEF2aWNpaSAtIFdha2UgTWUgVXAgKE9mZmljaWFsIFZpZGVvKQASQXZpY2lpT2ZmaWNpYWxWRVZPAAAAAAAEKmgAC0ljcmJNMWxfQm9JAAEAK2h0dHBzOi8vd3d3LnlvdXR1YmUuY29tL3dhdGNoP3Y9SWNyYk0xbF9Cb0kAB3lvdXR1YmUAAAAAAAAAAA==", "noReplace": false, "startTime": "0", "pause": false}
2021-12-06 18:51:23.662  INFO 12200 --- [XNIO-1 I/O-2] lavalink.server.io.SocketServer          : {"op": "play", "guildId": "890871960618287154", "track": "QAAAnAIAM09uZVJlcHVibGljIC0gQ291bnRpbmcgU3RhcnMgKE9mZmljaWFsIE11c2ljIFZpZGVvKQAPT25lUmVwdWJsaWNWRVZPAAAAAAAEUXgAC2hUX252V3JlSWhnAAEAK2h0dHBzOi8vd3d3LnlvdXR1YmUuY29tL3dhdGNoP3Y9aFRfbnZXcmVJaGcAB3lvdXR1YmUAAAAAAAAAAA==", "noReplace": false, "startTime": "0", "pause": false}
2021-12-06 18:56:09.494  INFO 12200 --- [XNIO-1 I/O-2] lavalink.server.io.SocketServer          : {"op": "play", "guildId": "890871960618287154", "track": "QAAAjQIAKU1hcnNobWVsbG8gLSBBbG9uZSAoT2ZmaWNpYWwgTXVzaWMgVmlkZW8pAApNYXJzaG1lbGxvAAAAAAADDUAAC0FMWkhGNVVxblU0AAEAK2h0dHBzOi8vd3d3LnlvdXR1YmUuY29tL3dhdGNoP3Y9QUxaSEY1VXFuVTQAB3lvdXR1YmUAAAAAAAAAAA==", "noReplace": false, "startTime": "0", "pause": false}
2021-12-06 18:56:36.484  INFO 12200 --- [XNIO-1 I/O-2] lavalink.server.io.SocketServer          : {"op": "play", "guildId": "890871960618287154", "track": "QAAAowIAOU9uZSBEaXJlY3Rpb24gLSBXaGF0IE1ha2VzIFlvdSBCZWF1dGlmdWwgKE9mZmljaWFsIFZpZGVvKQAQT25lRGlyZWN0aW9uVkVWTwAAAAAAAySwAAtRSk8zUk9ULUE0RQABACtodHRwczovL3d3dy55b3V0dWJlLmNvbS93YXRjaD92PVFKTzNST1QtQTRFAAd5b3V0dWJlAAAAAAAAAAA=", "noReplace": false, "startTime": "0", "pause": false}
2021-12-06 19:00:03.609  INFO 12200 --- [XNIO-1 I/O-2] lavalink.server.io.SocketServer          : {"op": "play", "guildId": "890871960618287154", "track": "QAAAkQIAKFNoYXduIE1lbmRlcyAtIFN0aXRjaGVzIChPZmZpY2lhbCBWaWRlbykAD1NoYXduTWVuZGVzVkVWTwAAAAAAA6mAAAtWYmZwVzBwYnZhVQABACtodHRwczovL3d3dy55b3V0dWJlLmNvbS93YXRjaD92PVZiZnBXMHBidmFVAAd5b3V0dWJlAAAAAAAAAAA=", "noReplace": false, "startTime": "0", "pause": false}
2021-12-06 19:04:03.852  INFO 12200 --- [XNIO-1 I/O-2] lavalink.server.io.SocketServer          : {"op": "play", "guildId": "890871960618287154", "track": "QAAAnwIAOFRoZSBTY3JpcHQgLSBIYWxsIG9mIEZhbWUgKE9mZmljaWFsIFZpZGVvKSBmdC4gd2lsbC5pLmFtAA1UaGVTY3JpcHRWRVZPAAAAAAADjigAC21rNDh4Unp1TnZBAAEAK2h0dHBzOi8vd3d3LnlvdXR1YmUuY29tL3dhdGNoP3Y9bWs0OHhSenVOdkEAB3lvdXR1YmUAAAAAAAAAAA==", "noReplace": false, "startTime": "0", "pause": false}
2021-12-06 19:07:58.684  INFO 12200 --- [XNIO-1 I/O-2] lavalink.server.io.SocketServer          : {"op": "play", "guildId": "890871960618287154", "track": "QAAAlgIALFRoZSBDaGFpbnNtb2tlcnMgLSBDbG9zZXIgKEx5cmljKSBmdC4gSGFsc2V5ABBDaGFpbnNtb2tlcnNWRVZPAAAAAAAD/3AAC1BUMl9GLTFlc1BrAAEAK2h0dHBzOi8vd3d3LnlvdXR1YmUuY29tL3dhdGNoP3Y9UFQyX0YtMWVzUGsAB3lvdXR1YmUAAAAAAAAAAA==", "noReplace": false, "startTime": "0", "pause": false}
2021-12-06 19:08:05.994  INFO 12200 --- [XNIO-1 I/O-2] lavalink.server.io.SocketServer          : {"op": "stop", "guildId": "890871960618287154"}
2021-12-06 19:08:06.053  INFO 12200 --- [XNIO-1 I/O-2] lavalink.server.io.SocketServer          : {"op": "destroy", "guildId": "890871960618287154"}
2021-12-06 19:14:50.260  WARN 12200 --- [lava-daemon-pool-manager-3-thread-1] c.s.d.l.tools.GarbageCollectionMonitor   : Suspicious GC results for the last 2 minutes: [Bucket 0 = 1] [Bucket 20 = 0] [Bucket 50 = 0] [Bucket 200 = 1] [Bucket 500 = 0] [Bucket 2000 = 0] 
2021-12-06 20:14:49.189  WARN 12200 --- [lava-daemon-pool-manager-3-thread-1] c.s.d.l.tools.GarbageCollectionMonitor   : Suspicious GC results for the last 2 minutes: [Bucket 0 = 1] [Bucket 20 = 0] [Bucket 50 = 0] [Bucket 200 = 1] [Bucket 500 = 0] [Bucket 2000 = 0] 
2021-12-06 21:00:40.374  WARN 12200 --- [lava-daemon-pool-manager-3-thread-1] c.s.d.l.tools.GarbageCollectionMonitor   : Suspicious GC results for the last 2 minutes: [Bucket 0 = 12] [Bucket 20 = 0] [Bucket 50 = 1] [Bucket 200 = 1] [Bucket 500 = 0] [Bucket 2000 = 0] 
2021-12-06 21:20:40.414  WARN 12200 --- [lava-daemon-pool-manager-3-thread-1] c.s.d.l.tools.GarbageCollectionMonitor   : Suspicious GC results for the last 2 minutes: [Bucket 0 = 1] [Bucket 20 = 0] [Bucket 50 = 0] [Bucket 200 = 1] [Bucket 500 = 0] [Bucket 2000 = 0] 
2021-12-06 21:31:42.116  INFO 14220 --- [main] lavalink.server.Launcher                 : 

[32m       .  [31m _                  _ _       _    [32m__ _ _
[32m      /\\ [31m| | __ ___   ____ _| (_)_ __ | | __[32m\ \ \ \
[32m     ( ( )[31m| |/ _` \ \ / / _` | | | '_ \| |/ /[32m \ \ \ \
[32m      \\/ [31m| | (_| |\ V / (_| | | | | | |   < [32m  ) ) ) )
[32m       '  [31m|_|\__,_| \_/ \__,_|_|_|_| |_|_|\_\[32m / / / /
[0m    =========================================[32m/_/_/_/[0m

	Version:        3.3.2.3
	Build:          1239
	Build time:     31.08.2021 17:26:20 UTC
	Branch          main
	Commit:         2ad6b46
	Commit time:    31.08.2021 17:17:13 UTC
	JVM:            11.0.13
	Lavaplayer      1.3.93-original

2021-12-06 21:31:42.502  WARN 14220 --- [background-preinit] o.s.h.c.j.Jackson2ObjectMapperBuilder    : For Jackson Kotlin classes support please add "com.fasterxml.jackson.module:jackson-module-kotlin" to the classpath
2021-12-06 21:31:46.288  INFO 14220 --- [main] lavalink.server.Launcher                 : Starting Launcher on Hridaan with PID 14220 (C:\Users\HRIDAAN\AppData\Roaming\ducky\cogs\Audio\Lavalink.jar started by HRIDAAN in C:\Users\HRIDAAN\AppData\Roaming\ducky\cogs\Audio)
2021-12-06 21:31:46.289  INFO 14220 --- [main] lavalink.server.Launcher                 : No active profile set, falling back to default profiles: default
2021-12-06 21:32:00.895  WARN 14220 --- [main] io.undertow.websockets.jsr               : UT026010: Buffer pool was not set on WebSocketDeploymentInfo, the default pool will be used
2021-12-06 21:32:01.024  INFO 14220 --- [main] io.undertow.servlet                      : Initializing Spring embedded WebApplicationContext
2021-12-06 21:32:01.024  INFO 14220 --- [main] o.s.web.context.ContextLoader            : Root WebApplicationContext: initialization completed in 14073 ms
2021-12-06 21:32:02.530  WARN 14220 --- [main] l.server.config.SentryConfiguration      : Turning off sentry
2021-12-06 21:32:07.615  INFO 14220 --- [main] c.s.d.l.tools.GarbageCollectionMonitor   : GC monitoring enabled, reporting results every 2 minutes.
2021-12-06 21:32:08.568  INFO 14220 --- [main] lavalink.server.config.KoeConfiguration  : OS: Windows 10, Arch: amd64
2021-12-06 21:32:08.569  WARN 14220 --- [main] lavalink.server.config.KoeConfiguration  : This system and architecture appears to not support native audio sending! GC pauses may cause your bot to stutter during playback.
2021-12-06 21:32:09.743  INFO 14220 --- [main] o.s.s.concurrent.ThreadPoolTaskExecutor  : Initializing ExecutorService 'applicationTaskExecutor'
2021-12-06 21:32:10.916  INFO 14220 --- [main] org.xnio                                 : XNIO version 3.3.8.Final
2021-12-06 21:32:10.952  INFO 14220 --- [main] org.xnio.nio                             : XNIO NIO Implementation Version 3.3.8.Final
2021-12-06 21:32:11.122  INFO 14220 --- [main] o.s.b.w.e.u.UndertowServletWebServer     : Undertow started on port(s) 2333 (http) with context path ''
2021-12-06 21:32:11.162  INFO 14220 --- [main] lavalink.server.Launcher                 : Started Launcher in 44.671 seconds (JVM running for 46.425)
2021-12-06 21:32:11.173  INFO 14220 --- [main] lavalink.server.Launcher                 : You can safely ignore the big red warning about illegal reflection. See https://github.com/freyacodes/Lavalink/issues/295
2021-12-06 21:32:13.453  INFO 14220 --- [XNIO-1 task-1] io.undertow.servlet                      : Initializing Spring DispatcherServlet 'dispatcherServlet'
2021-12-06 21:32:13.454  INFO 14220 --- [XNIO-1 task-1] o.s.web.servlet.DispatcherServlet        : Initializing Servlet 'dispatcherServlet'
2021-12-06 21:32:13.468  INFO 14220 --- [XNIO-1 task-1] o.s.web.servlet.DispatcherServlet        : Completed initialization in 13 ms
2021-12-06 21:32:13.632  INFO 14220 --- [XNIO-1 task-1] l.server.io.HandshakeInterceptorImpl     : Incoming connection from /127.0.0.1:56570
2021-12-06 21:32:15.001  INFO 14220 --- [XNIO-1 task-1] lavalink.server.io.SocketServer          : Connection successfully established from /127.0.0.1:56570
2021-12-06 21:32:15.156  INFO 14220 --- [XNIO-1 I/O-2] lavalink.server.io.SocketServer          : {"op": "configureResuming", "key": "Red-Core-Audio-862626764886900746-ducky", "timeout": 60}
2021-12-06 22:04:08.960  WARN 14220 --- [lava-daemon-pool-manager-3-thread-1] c.s.d.l.tools.GarbageCollectionMonitor   : Suspicious GC results for the last 2 minutes: [Bucket 0 = 3] [Bucket 20 = 1] [Bucket 50 = 1] [Bucket 200 = 0] [Bucket 500 = 3] [Bucket 2000 = 0] 
2021-12-06 22:06:07.621  WARN 14220 --- [lava-daemon-pool-manager-3-thread-1] c.s.d.l.tools.GarbageCollectionMonitor   : Suspicious GC results for the last 2 minutes: [Bucket 0 = 2] [Bucket 20 = 0] [Bucket 50 = 0] [Bucket 200 = 2] [Bucket 500 = 1] [Bucket 2000 = 0] 
2021-12-06 22:08:07.621  WARN 14220 --- [lava-daemon-pool-manager-3-thread-1] c.s.d.l.tools.GarbageCollectionMonitor   : Suspicious GC results for the last 2 minutes: [Bucket 0 = 1] [Bucket 20 = 0] [Bucket 50 = 0] [Bucket 200 = 1] [Bucket 500 = 2] [Bucket 2000 = 0] 
2021-12-06 22:10:07.675  WARN 14220 --- [lava-daemon-pool-manager-3-thread-1] c.s.d.l.tools.GarbageCollectionMonitor   : Suspicious GC results for the last 2 minutes: [Bucket 0 = 2] [Bucket 20 = 1] [Bucket 50 = 0] [Bucket 200 = 0] [Bucket 500 = 2] [Bucket 2000 = 0] 
